Info: Starting: Create block symbol file (.bsf)
Info: ip-generate --project-directory=C:/Users/victormunduruca/Documents/NovoQuartus/ --output-directory=C:/Users/victormunduruca/Documents/NovoQuartus/processador/ --report-file=bsf:C:/Users/victormunduruca/Documents/NovoQuartus/processador.bsf --system-info=DEVICE_FAMILY="Cyclone IV E" --system-info=DEVICE=EP4CE10F17C8 --system-info=DEVICE_SPEEDGRADE=8 --component-file=C:/Users/victormunduruca/Documents/NovoQuartus/processador.qsys
Progress: Loading NovoQuartus/processador.qsys
Progress: Reading input file
Progress: Adding clk_0 [clock_source 13.1]
Progress: Parameterizing module clk_0
Progress: Adding nios2_qsys_0 [altera_nios2_qsys 13.1]
Progress: Parameterizing module nios2_qsys_0
Progress: Adding onchip_memory2_0 [altera_avalon_onchip_memory2 13.1]
Progress: Parameterizing module onchip_memory2_0
Progress: Adding pio_0 [altera_avalon_pio 13.1]
Progress: Parameterizing module pio_0
Progress: Adding pio_1 [altera_avalon_pio 13.1]
Progress: Parameterizing module pio_1
Progress: Building connections
Progress: Parameterizing connections
Progress: Validating
Progress: Done reading input file
Info: processador.pio_1: PIO inputs are not hardwired in test bench. Undefined values will be read from PIO inputs during simulation.
Info: ip-generate succeeded.
Info: Finished: Create block symbol file (.bsf)
Info: 
Info: Starting: Create HDL design files for synthesis
Info: ip-generate --project-directory=C:/Users/victormunduruca/Documents/NovoQuartus/ --output-directory=C:/Users/victormunduruca/Documents/NovoQuartus/processador/synthesis/ --file-set=QUARTUS_SYNTH --report-file=html:C:/Users/victormunduruca/Documents/NovoQuartus/processador.html --report-file=sopcinfo:C:/Users/victormunduruca/Documents/NovoQuartus/processador.sopcinfo --report-file=cmp:C:/Users/victormunduruca/Documents/NovoQuartus/processador.cmp --report-file=qip:C:/Users/victormunduruca/Documents/NovoQuartus/processador/synthesis/processador.qip --report-file=svd --report-file=regmap:C:/Users/victormunduruca/Documents/NovoQuartus/processador/synthesis/processador.regmap --report-file=debuginfo:C:/Users/victormunduruca/Documents/NovoQuartus/processador/synthesis/processador.debuginfo --system-info=DEVICE_FAMILY="Cyclone IV E" --system-info=DEVICE=EP4CE10F17C8 --system-info=DEVICE_SPEEDGRADE=8 --component-file=C:/Users/victormunduruca/Documents/NovoQuartus/processador.qsys --language=VERILOG
Progress: Loading NovoQuartus/processador.qsys
Progress: Reading input file
Progress: Adding clk_0 [clock_source 13.1]
Progress: Parameterizing module clk_0
Progress: Adding nios2_qsys_0 [altera_nios2_qsys 13.1]
Progress: Parameterizing module nios2_qsys_0
Progress: Adding onchip_memory2_0 [altera_avalon_onchip_memory2 13.1]
Progress: Parameterizing module onchip_memory2_0
Progress: Adding pio_0 [altera_avalon_pio 13.1]
Progress: Parameterizing module pio_0
Progress: Adding pio_1 [altera_avalon_pio 13.1]
Progress: Parameterizing module pio_1
Progress: Building connections
Progress: Parameterizing connections
Progress: Validating
Progress: Done reading input file
Info: processador.pio_1: PIO inputs are not hardwired in test bench. Undefined values will be read from PIO inputs during simulation.
Info: processador: Generating processador "processador" for QUARTUS_SYNTH
Info: pipeline_bridge_swap_transform: After transform: 5 modules, 14 connections
Info: No custom instruction connections, skipping transform 
Info: merlin_initial_interconnect_transform: After transform: 5 modules, 14 connections
Info: merlin_translator_transform: After transform: 11 modules, 32 connections
Info: merlin_domain_transform: After transform: 22 modules, 88 connections
Info: merlin_router_transform: After transform: 28 modules, 106 connections
Info: merlin_network_to_switch_transform: After transform: 39 modules, 130 connections
Info: merlin_clock_and_reset_bridge_transform: After transform: 41 modules, 170 connections
Info: merlin_hierarchy_transform: After transform: 6 modules, 16 connections
Info: merlin_mm_transform: After transform: 6 modules, 16 connections
Info: merlin_interrupt_mapper_transform: After transform: 7 modules, 19 connections
Info: reset_adaptation_transform: After transform: 9 modules, 26 connections
Info: nios2_qsys_0: Starting RTL generation for module 'processador_nios2_qsys_0'
Info: nios2_qsys_0:   Generation command is [exec C:/altera/13.1/quartus/bin/eperlcmd.exe -I C:/altera/13.1/quartus/bin/perl/lib -I C:/altera/13.1/quartus/sopc_builder/bin/europa -I C:/altera/13.1/quartus/sopc_builder/bin/perl_lib -I C:/altera/13.1/quartus/sopc_builder/bin -I C:/altera/13.1/quartus/../ip/altera/nios2_ip/altera_nios2/cpu_lib -I C:/altera/13.1/quartus/../ip/altera/nios2_ip/altera_nios2/nios_lib -I C:/altera/13.1/quartus/../ip/altera/nios2_ip/altera_nios2 -I C:/altera/13.1/quartus/../ip/altera/nios2_ip/altera_nios2 -- C:/altera/13.1/quartus/../ip/altera/nios2_ip/altera_nios2/generate_rtl.epl --name=processador_nios2_qsys_0 --dir=C:/Users/VICTOR~1/AppData/Local/Temp/alt7652_3012305334150609770.dir/0001_nios2_qsys_0_gen/ --quartus_dir=C:/altera/13.1/quartus --verilog --config=C:/Users/VICTOR~1/AppData/Local/Temp/alt7652_3012305334150609770.dir/0001_nios2_qsys_0_gen//processador_nios2_qsys_0_processor_configuration.pl  --do_build_sim=0  ]
Info: nios2_qsys_0: # 2018.04.30 23:13:21 (*) Starting Nios II generation
Info: nios2_qsys_0: # 2018.04.30 23:13:21 (*)   Checking for plaintext license.
Info: nios2_qsys_0: # 2018.04.30 23:13:22 (*)   Couldn't query license setup in Quartus directory C:/altera/13.1/quartus
Info: nios2_qsys_0: # 2018.04.30 23:13:22 (*)   Defaulting to contents of LM_LICENSE_FILE environment variable
Info: nios2_qsys_0: # 2018.04.30 23:13:22 (*)   LM_LICENSE_FILE environment variable is empty
Info: nios2_qsys_0: # 2018.04.30 23:13:22 (*)   Plaintext license not found.
Info: nios2_qsys_0: # 2018.04.30 23:13:22 (*)   No license required to generate encrypted Nios II/e.
Info: nios2_qsys_0: # 2018.04.30 23:13:22 (*)   Elaborating CPU configuration settings
Info: nios2_qsys_0: # 2018.04.30 23:13:22 (*)   Creating all objects for CPU
Info: nios2_qsys_0: # 2018.04.30 23:13:24 (*)   Generating RTL from CPU objects
Info: nios2_qsys_0: # 2018.04.30 23:13:24 (*)   Creating plain-text RTL
Info: nios2_qsys_0: # 2018.04.30 23:13:26 (*) Done Nios II generation
Info: nios2_qsys_0: Done RTL generation for module 'processador_nios2_qsys_0'
Info: nios2_qsys_0: "processador" instantiated altera_nios2_qsys "nios2_qsys_0"
Info: onchip_memory2_0: Starting RTL generation for module 'processador_onchip_memory2_0'
Info: onchip_memory2_0:   Generation command is [exec C:/altera/13.1/quartus/bin/perl/bin/perl.exe -I C:/altera/13.1/quartus/bin/perl/lib -I C:/altera/13.1/quartus/sopc_builder/bin/europa -I C:/altera/13.1/quartus/sopc_builder/bin/perl_lib -I C:/altera/13.1/quartus/sopc_builder/bin -I C:/altera/13.1/quartus/../ip/altera/sopc_builder_ip/common -I C:/altera/13.1/quartus/../ip/altera/sopc_builder_ip/altera_avalon_onchip_memory2 -- C:/altera/13.1/quartus/../ip/altera/sopc_builder_ip/altera_avalon_onchip_memory2/generate_rtl.pl --name=processador_onchip_memory2_0 --dir=C:/Users/VICTOR~1/AppData/Local/Temp/alt7652_3012305334150609770.dir/0002_onchip_memory2_0_gen/ --quartus_dir=C:/altera/13.1/quartus --verilog --config=C:/Users/VICTOR~1/AppData/Local/Temp/alt7652_3012305334150609770.dir/0002_onchip_memory2_0_gen//processador_onchip_memory2_0_component_configuration.pl  --do_build_sim=0  ]
Info: onchip_memory2_0: Done RTL generation for module 'processador_onchip_memory2_0'
Info: onchip_memory2_0: "processador" instantiated altera_avalon_onchip_memory2 "onchip_memory2_0"
Info: pio_0: Starting RTL generation for module 'processador_pio_0'
Info: pio_0:   Generation command is [exec C:/altera/13.1/quartus/bin/perl/bin/perl.exe -I C:/altera/13.1/quartus/bin/perl/lib -I C:/altera/13.1/quartus/sopc_builder/bin/europa -I C:/altera/13.1/quartus/sopc_builder/bin/perl_lib -I C:/altera/13.1/quartus/sopc_builder/bin -I C:/altera/13.1/quartus/../ip/altera/sopc_builder_ip/common -I C:/altera/13.1/quartus/../ip/altera/sopc_builder_ip/altera_avalon_pio -- C:/altera/13.1/quartus/../ip/altera/sopc_builder_ip/altera_avalon_pio/generate_rtl.pl --name=processador_pio_0 --dir=C:/Users/VICTOR~1/AppData/Local/Temp/alt7652_3012305334150609770.dir/0003_pio_0_gen/ --quartus_dir=C:/altera/13.1/quartus --verilog --config=C:/Users/VICTOR~1/AppData/Local/Temp/alt7652_3012305334150609770.dir/0003_pio_0_gen//processador_pio_0_component_configuration.pl  --do_build_sim=0  ]
Info: pio_0: Done RTL generation for module 'processador_pio_0'
Info: pio_0: "processador" instantiated altera_avalon_pio "pio_0"
Info: pio_1: Starting RTL generation for module 'processador_pio_1'
Info: pio_1:   Generation command is [exec C:/altera/13.1/quartus/bin/perl/bin/perl.exe -I C:/altera/13.1/quartus/bin/perl/lib -I C:/altera/13.1/quartus/sopc_builder/bin/europa -I C:/altera/13.1/quartus/sopc_builder/bin/perl_lib -I C:/altera/13.1/quartus/sopc_builder/bin -I C:/altera/13.1/quartus/../ip/altera/sopc_builder_ip/common -I C:/altera/13.1/quartus/../ip/altera/sopc_builder_ip/altera_avalon_pio -- C:/altera/13.1/quartus/../ip/altera/sopc_builder_ip/altera_avalon_pio/generate_rtl.pl --name=processador_pio_1 --dir=C:/Users/VICTOR~1/AppData/Local/Temp/alt7652_3012305334150609770.dir/0004_pio_1_gen/ --quartus_dir=C:/altera/13.1/quartus --verilog --config=C:/Users/VICTOR~1/AppData/Local/Temp/alt7652_3012305334150609770.dir/0004_pio_1_gen//processador_pio_1_component_configuration.pl  --do_build_sim=0  ]
Info: pio_1: Done RTL generation for module 'processador_pio_1'
Info: pio_1: "processador" instantiated altera_avalon_pio "pio_1"
Info: pipeline_bridge_swap_transform: After transform: 36 modules, 117 connections
Info: No custom instruction connections, skipping transform 
Info: merlin_initial_interconnect_transform: After transform: 0 modules, 0 connections
Info: No Avalon connections, skipping transform 
Info: merlin_hierarchy_transform: After transform: 36 modules, 117 connections
Info: merlin_initial_interconnect_transform: After transform: 0 modules, 0 connections
Info: No Avalon connections, skipping transform 
Info: merlin_hierarchy_transform: After transform: 36 modules, 117 connections
Info: merlin_initial_interconnect_transform: After transform: 0 modules, 0 connections
Info: No Avalon connections, skipping transform 
Info: merlin_hierarchy_transform: After transform: 36 modules, 117 connections
Info: merlin_initial_interconnect_transform: After transform: 0 modules, 0 connections
Info: No Avalon connections, skipping transform 
Info: merlin_hierarchy_transform: After transform: 36 modules, 117 connections
Info: merlin_initial_interconnect_transform: After transform: 0 modules, 0 connections
Info: No Avalon connections, skipping transform 
Info: merlin_hierarchy_transform: After transform: 36 modules, 117 connections
Info: merlin_initial_interconnect_transform: After transform: 0 modules, 0 connections
Info: No Avalon connections, skipping transform 
Info: merlin_hierarchy_transform: After transform: 36 modules, 117 connections
Info: mm_interconnect_0: "processador" instantiated altera_merlin_interconnect_wrapper "mm_interconnect_0"
Info: irq_mapper: "processador" instantiated altera_irq_mapper "irq_mapper"
Info: rst_controller: "processador" instantiated altera_reset_controller "rst_controller"
Info: nios2_qsys_0_instruction_master_translator: "mm_interconnect_0" instantiated altera_merlin_master_translator "nios2_qsys_0_instruction_master_translator"
Info: nios2_qsys_0_jtag_debug_module_translator: "mm_interconnect_0" instantiated altera_merlin_slave_translator "nios2_qsys_0_jtag_debug_module_translator"
Info: nios2_qsys_0_instruction_master_translator_avalon_universal_master_0_agent: "mm_interconnect_0" instantiated altera_merlin_master_agent "nios2_qsys_0_instruction_master_translator_avalon_universal_master_0_agent"
Info: nios2_qsys_0_jtag_debug_module_translator_avalon_universal_slave_0_agent: "mm_interconnect_0" instantiated altera_merlin_slave_agent "nios2_qsys_0_jtag_debug_module_translator_avalon_universal_slave_0_agent"
Info: nios2_qsys_0_jtag_debug_module_translator_avalon_universal_slave_0_agent_rsp_fifo: "mm_interconnect_0" instantiated altera_avalon_sc_fifo "nios2_qsys_0_jtag_debug_module_translator_avalon_universal_slave_0_agent_rsp_fifo"
Info: addr_router: "mm_interconnect_0" instantiated altera_merlin_router "addr_router"
Info: addr_router_001: "mm_interconnect_0" instantiated altera_merlin_router "addr_router_001"
Info: id_router: "mm_interconnect_0" instantiated altera_merlin_router "id_router"
Info: id_router_002: "mm_interconnect_0" instantiated altera_merlin_router "id_router_002"
Info: cmd_xbar_demux: "mm_interconnect_0" instantiated altera_merlin_demultiplexer "cmd_xbar_demux"
Info: cmd_xbar_demux_001: "mm_interconnect_0" instantiated altera_merlin_demultiplexer "cmd_xbar_demux_001"
Info: cmd_xbar_mux: "mm_interconnect_0" instantiated altera_merlin_multiplexer "cmd_xbar_mux"
Info: cmd_xbar_mux_002: "mm_interconnect_0" instantiated altera_merlin_multiplexer "cmd_xbar_mux_002"
Info: Reusing file C:/Users/victormunduruca/Documents/NovoQuartus/processador/synthesis/submodules/altera_merlin_arbitrator.sv
Info: rsp_xbar_demux_002: "mm_interconnect_0" instantiated altera_merlin_demultiplexer "rsp_xbar_demux_002"
Info: rsp_xbar_mux: "mm_interconnect_0" instantiated altera_merlin_multiplexer "rsp_xbar_mux"
Info: Reusing file C:/Users/victormunduruca/Documents/NovoQuartus/processador/synthesis/submodules/altera_merlin_arbitrator.sv
Info: rsp_xbar_mux_001: "mm_interconnect_0" instantiated altera_merlin_multiplexer "rsp_xbar_mux_001"
Info: Reusing file C:/Users/victormunduruca/Documents/NovoQuartus/processador/synthesis/submodules/altera_merlin_arbitrator.sv
Info: processador: Done "processador" with 24 modules, 37 files, 734946 bytes
Info: ip-generate succeeded.
Info: Finished: Create HDL design files for synthesis
