Flow report for NovoQuartus
Wed May 02 23:53:22 2018
Quartus II 32-bit Version 13.0.1 Build 232 06/12/2013 Service Pack 1 SJ Web Edition


---------------------
; Table of Contents ;
---------------------
  1. Legal Notice
  2. Flow Summary
  3. Flow Settings
  4. Flow Non-Default Global Settings
  5. Flow Elapsed Time
  6. Flow OS Summary
  7. Flow Log
  8. Flow Messages
  9. Flow Suppressed Messages



----------------
; Legal Notice ;
----------------
Copyright (C) 1991-2013 Altera Corporation
Your use of Altera Corporation's design tools, logic functions 
and other software and tools, and its AMPP partner logic 
functions, and any output files from any of the foregoing 
(including device programming or simulation files), and any 
associated documentation or information are expressly subject 
to the terms and conditions of the Altera Program License 
Subscription Agreement, Altera MegaCore Function License 
Agreement, or other applicable license agreement, including, 
without limitation, that your use is for the sole purpose of 
programming logic devices manufactured by Altera and sold by 
Altera or its authorized distributors.  Please refer to the 
applicable agreement for further details.



+--------------------------------------------------------------------------------------+
; Flow Summary                                                                         ;
+------------------------------------+-------------------------------------------------+
; Flow Status                        ; Successful - Wed May 02 23:53:22 2018           ;
; Quartus II 32-bit Version          ; 13.0.1 Build 232 06/12/2013 SP 1 SJ Web Edition ;
; Revision Name                      ; NovoQuartus                                     ;
; Top-level Entity Name              ; NovoQuartus                                     ;
; Family                             ; Cyclone IV E                                    ;
; Device                             ; EP4CE10F17C8                                    ;
; Timing Models                      ; Final                                           ;
; Total logic elements               ; 1,631 / 10,320 ( 16 % )                         ;
;     Total combinational functions  ; 1,545 / 10,320 ( 15 % )                         ;
;     Dedicated logic registers      ; 899 / 10,320 ( 9 % )                            ;
; Total registers                    ; 899                                             ;
; Total pins                         ; 6 / 180 ( 3 % )                                 ;
; Total virtual pins                 ; 0                                               ;
; Total memory bits                  ; 44,032 / 423,936 ( 10 % )                       ;
; Embedded Multiplier 9-bit elements ; 0 / 46 ( 0 % )                                  ;
; Total PLLs                         ; 0 / 2 ( 0 % )                                   ;
+------------------------------------+-------------------------------------------------+


+-----------------------------------------+
; Flow Settings                           ;
+-------------------+---------------------+
; Option            ; Setting             ;
+-------------------+---------------------+
; Start date & time ; 05/02/2018 22:39:22 ;
; Main task         ; Compilation         ;
; Revision Name     ; NovoQuartus         ;
+-------------------+---------------------+


+----------------------------------------------------------------------------------------------------------------------------+
; Flow Non-Default Global Settings                                                                                           ;
+-------------------------------------+---------------------------------------+---------------+-------------+----------------+
; Assignment Name                     ; Value                                 ; Default Value ; Entity Name ; Section Id     ;
+-------------------------------------+---------------------------------------+---------------+-------------+----------------+
; COMPILER_SIGNATURE_ID               ; 121376887746.152531156201648          ; --            ; --          ; --             ;
; EDA_OUTPUT_DATA_FORMAT              ; Vhdl                                  ; --            ; --          ; eda_simulation ;
; EDA_SIMULATION_TOOL                 ; ModelSim-Altera (VHDL)                ; <None>        ; --          ; --             ;
; MAX_CORE_JUNCTION_TEMP              ; 85                                    ; --            ; --          ; --             ;
; MIN_CORE_JUNCTION_TEMP              ; 0                                     ; --            ; --          ; --             ;
; NOMINAL_CORE_SUPPLY_VOLTAGE         ; 1.2V                                  ; --            ; --          ; --             ;
; PARTITION_COLOR                     ; 16764057                              ; --            ; --          ; Top            ;
; PARTITION_FITTER_PRESERVATION_LEVEL ; PLACEMENT_AND_ROUTING                 ; --            ; --          ; Top            ;
; PARTITION_NETLIST_TYPE              ; SOURCE                                ; --            ; --          ; Top            ;
; POWER_BOARD_THERMAL_MODEL           ; None (CONSERVATIVE)                   ; --            ; --          ; --             ;
; POWER_PRESET_COOLING_SOLUTION       ; 23 MM HEAT SINK WITH 200 LFPM AIRFLOW ; --            ; --          ; --             ;
; PROJECT_OUTPUT_DIRECTORY            ; output_files                          ; --            ; --          ; --             ;
+-------------------------------------+---------------------------------------+---------------+-------------+----------------+


+-------------------------------------------------------------------------------------------------------------------------------+
; Flow Elapsed Time                                                                                                             ;
+---------------------------+--------------+-------------------------+---------------------+------------------------------------+
; Module Name               ; Elapsed Time ; Average Processors Used ; Peak Virtual Memory ; Total CPU Time (on all processors) ;
+---------------------------+--------------+-------------------------+---------------------+------------------------------------+
; Analysis & Synthesis      ; 00:00:15     ; 1.0                     ; 403 MB              ; 00:00:14                           ;
; Fitter                    ; 00:00:17     ; 1.0                     ; 513 MB              ; 00:00:16                           ;
; Assembler                 ; 00:00:02     ; 1.0                     ; 324 MB              ; 00:00:02                           ;
; TimeQuest Timing Analyzer ; 00:00:04     ; 1.0                     ; 355 MB              ; 00:00:04                           ;
; EDA Netlist Writer        ; 00:00:04     ; 1.0                     ; 310 MB              ; 00:00:04                           ;
; MIF/HEX Update            ; 00:00:02     ; 1.0                     ; 327 MB              ; 00:00:01                           ;
; Assembler                 ; 00:00:02     ; 1.0                     ; 328 MB              ; 00:00:02                           ;
; MIF/HEX Update            ; 00:00:01     ; 1.0                     ; 327 MB              ; 00:00:01                           ;
; Assembler                 ; 00:00:02     ; 1.0                     ; 328 MB              ; 00:00:02                           ;
; MIF/HEX Update            ; 00:00:02     ; 1.0                     ; 327 MB              ; 00:00:01                           ;
; Assembler                 ; 00:00:02     ; 1.0                     ; 328 MB              ; 00:00:02                           ;
; MIF/HEX Update            ; 00:00:02     ; 1.0                     ; 327 MB              ; 00:00:01                           ;
; Assembler                 ; 00:00:02     ; 1.0                     ; 324 MB              ; 00:00:02                           ;
; MIF/HEX Update            ; 00:00:01     ; 1.0                     ; 327 MB              ; 00:00:01                           ;
; Assembler                 ; 00:00:02     ; 1.0                     ; 328 MB              ; 00:00:02                           ;
; MIF/HEX Update            ; 00:00:01     ; 1.0                     ; 327 MB              ; 00:00:01                           ;
; Assembler                 ; 00:00:02     ; 1.0                     ; 328 MB              ; 00:00:02                           ;
; Total                     ; 00:01:03     ; --                      ; --                  ; 00:00:58                           ;
+---------------------------+--------------+-------------------------+---------------------+------------------------------------+


+----------------------------------------------------------------------------------------+
; Flow OS Summary                                                                        ;
+---------------------------+------------------+-----------+------------+----------------+
; Module Name               ; Machine Hostname ; OS Name   ; OS Version ; Processor type ;
+---------------------------+------------------+-----------+------------+----------------+
; Analysis & Synthesis      ; VICTORMUNDU9BAD  ; Windows 7 ; 6.1        ; i686           ;
; Fitter                    ; VICTORMUNDU9BAD  ; Windows 7 ; 6.1        ; i686           ;
; Assembler                 ; VICTORMUNDU9BAD  ; Windows 7 ; 6.1        ; i686           ;
; TimeQuest Timing Analyzer ; VICTORMUNDU9BAD  ; Windows 7 ; 6.1        ; i686           ;
; EDA Netlist Writer        ; VICTORMUNDU9BAD  ; Windows 7 ; 6.1        ; i686           ;
; MIF/HEX Update            ; VICTORMUNDU9BAD  ; Windows 7 ; 6.1        ; i686           ;
; Assembler                 ; VICTORMUNDU9BAD  ; Windows 7 ; 6.1        ; i686           ;
; MIF/HEX Update            ; VICTORMUNDU9BAD  ; Windows 7 ; 6.1        ; i686           ;
; Assembler                 ; VICTORMUNDU9BAD  ; Windows 7 ; 6.1        ; i686           ;
; MIF/HEX Update            ; VICTORMUNDU9BAD  ; Windows 7 ; 6.1        ; i686           ;
; Assembler                 ; VICTORMUNDU9BAD  ; Windows 7 ; 6.1        ; i686           ;
; MIF/HEX Update            ; VICTORMUNDU9BAD  ; Windows 7 ; 6.1        ; i686           ;
; Assembler                 ; VICTORMUNDU9BAD  ; Windows 7 ; 6.1        ; i686           ;
; MIF/HEX Update            ; VICTORMUNDU9BAD  ; Windows 7 ; 6.1        ; i686           ;
; Assembler                 ; VICTORMUNDU9BAD  ; Windows 7 ; 6.1        ; i686           ;
; MIF/HEX Update            ; VICTORMUNDU9BAD  ; Windows 7 ; 6.1        ; i686           ;
; Assembler                 ; VICTORMUNDU9BAD  ; Windows 7 ; 6.1        ; i686           ;
+---------------------------+------------------+-----------+------------+----------------+


------------
; Flow Log ;
------------
quartus_map --read_settings_files=on --write_settings_files=off NovoQuartus -c NovoQuartus
quartus_fit --read_settings_files=off --write_settings_files=off NovoQuartus -c NovoQuartus
quartus_asm --read_settings_files=off --write_settings_files=off NovoQuartus -c NovoQuartus
quartus_sta NovoQuartus -c NovoQuartus
quartus_eda --read_settings_files=off --write_settings_files=off NovoQuartus -c NovoQuartus
quartus_cdb NovoQuartus -c NovoQuartus --update_mif
quartus_asm --read_settings_files=on --write_settings_files=off NovoQuartus -c NovoQuartus
quartus_cdb NovoQuartus -c NovoQuartus --update_mif
quartus_asm --read_settings_files=on --write_settings_files=off NovoQuartus -c NovoQuartus
quartus_cdb NovoQuartus -c NovoQuartus --update_mif
quartus_asm --read_settings_files=on --write_settings_files=off NovoQuartus -c NovoQuartus
quartus_cdb NovoQuartus -c NovoQuartus --update_mif
quartus_asm --read_settings_files=on --write_settings_files=off NovoQuartus -c NovoQuartus
quartus_cdb NovoQuartus -c NovoQuartus --update_mif
quartus_asm --read_settings_files=on --write_settings_files=off NovoQuartus -c NovoQuartus
quartus_cdb NovoQuartus -c NovoQuartus --update_mif
quartus_asm --read_settings_files=on --write_settings_files=off NovoQuartus -c NovoQuartus



