Info: Starting: Create block symbol file (.bsf)
Info: ip-generate --project-directory=C:/Users/victormunduruca/Documents/NovoQuartusZero/ --output-directory=C:/Users/victormunduruca/Documents/NovoQuartusZero/processador/ --report-file=bsf:C:/Users/victormunduruca/Documents/NovoQuartusZero/processador.bsf --system-info=DEVICE_FAMILY="Cyclone IV E" --system-info=DEVICE=EP4CE10F17C8 --system-info=DEVICE_SPEEDGRADE=8 --component-file=C:/Users/victormunduruca/Documents/NovoQuartusZero/processador.qsys
Progress: Loading NovoQuartusZero/processador.qsys
Progress: Reading input file
Progress: Adding clk_0 [clock_source 13.0]
Progress: Parameterizing module clk_0
Progress: Adding nios2_qsys_0 [altera_nios2_qsys 13.0]
Progress: Parameterizing module nios2_qsys_0
Progress: Adding onchip_memory2_0 [altera_avalon_onchip_memory2 13.0.1.99.2]
Progress: Parameterizing module onchip_memory2_0
Progress: Adding pio_0 [altera_avalon_pio 13.0.1.99.2]
Progress: Parameterizing module pio_0
Progress: Building connections
Progress: Parameterizing connections
Progress: Validating
Progress: Done reading input file
Info: ip-generate succeeded.
Info: Finished: Create block symbol file (.bsf)
Info: 
Info: Starting: Create HDL design files for synthesis
Info: ip-generate --project-directory=C:/Users/victormunduruca/Documents/NovoQuartusZero/ --output-directory=C:/Users/victormunduruca/Documents/NovoQuartusZero/processador/synthesis/ --file-set=QUARTUS_SYNTH --report-file=sopcinfo:C:/Users/victormunduruca/Documents/NovoQuartusZero/processador.sopcinfo --report-file=html:C:/Users/victormunduruca/Documents/NovoQuartusZero/processador.html --report-file=qip:C:/Users/victormunduruca/Documents/NovoQuartusZero/processador/synthesis/processador.qip --report-file=cmp:C:/Users/victormunduruca/Documents/NovoQuartusZero/processador.cmp --report-file=svd --system-info=DEVICE_FAMILY="Cyclone IV E" --system-info=DEVICE=EP4CE10F17C8 --system-info=DEVICE_SPEEDGRADE=8 --component-file=C:/Users/victormunduruca/Documents/NovoQuartusZero/processador.qsys --language=VERILOG
Progress: Loading NovoQuartusZero/processador.qsys
Progress: Reading input file
Progress: Adding clk_0 [clock_source 13.0]
Progress: Parameterizing module clk_0
Progress: Adding nios2_qsys_0 [altera_nios2_qsys 13.0]
Progress: Parameterizing module nios2_qsys_0
Progress: Adding onchip_memory2_0 [altera_avalon_onchip_memory2 13.0.1.99.2]
Progress: Parameterizing module onchip_memory2_0
Progress: Adding pio_0 [altera_avalon_pio 13.0.1.99.2]
Progress: Parameterizing module pio_0
Progress: Building connections
Progress: Parameterizing connections
Progress: Validating
Progress: Done reading input file
Info: processador: Generating processador "processador" for QUARTUS_SYNTH
Info: pipeline_bridge_swap_transform: After transform: 4 modules, 11 connections
Info: No custom instruction connections, skipping transform 
Info: merlin_translator_transform: After transform: 9 modules, 26 connections
Info: merlin_domain_transform: After transform: 18 modules, 71 connections
Info: merlin_router_transform: After transform: 23 modules, 86 connections
Info: reset_adaptation_transform: After transform: 24 modules, 88 connections
Info: merlin_network_to_switch_transform: After transform: 33 modules, 108 connections
Info: merlin_mm_transform: After transform: 33 modules, 108 connections
Info: merlin_interrupt_mapper_transform: After transform: 34 modules, 111 connections
Warning: processador: "No matching role found for rst_controller:reset_out:reset_req (reset_req)"
Warning: processador: "No matching role found for rst_controller:reset_out:reset_req (reset_req)"
Warning: processador: "No matching role found for rst_controller:reset_out:reset_req (reset_req)"
Warning: processador: "No matching role found for rst_controller:reset_out:reset_req (reset_req)"
Warning: processador: "No matching role found for rst_controller:reset_out:reset_req (reset_req)"
Warning: processador: "No matching role found for rst_controller:reset_out:reset_req (reset_req)"
Warning: processador: "No matching role found for rst_controller:reset_out:reset_req (reset_req)"
Warning: processador: "No matching role found for rst_controller:reset_out:reset_req (reset_req)"
Warning: processador: "No matching role found for rst_controller:reset_out:reset_req (reset_req)"
Warning: processador: "No matching role found for rst_controller:reset_out:reset_req (reset_req)"
Warning: processador: "No matching role found for rst_controller:reset_out:reset_req (reset_req)"
Warning: processador: "No matching role found for rst_controller:reset_out:reset_req (reset_req)"
Warning: processador: "No matching role found for rst_controller:reset_out:reset_req (reset_req)"
Warning: processador: "No matching role found for rst_controller:reset_out:reset_req (reset_req)"
Warning: processador: "No matching role found for rst_controller:reset_out:reset_req (reset_req)"
Warning: processador: "No matching role found for rst_controller:reset_out:reset_req (reset_req)"
Warning: processador: "No matching role found for rst_controller:reset_out:reset_req (reset_req)"
Warning: processador: "No matching role found for rst_controller:reset_out:reset_req (reset_req)"
Warning: processador: "No matching role found for rst_controller:reset_out:reset_req (reset_req)"
Warning: processador: "No matching role found for rst_controller:reset_out:reset_req (reset_req)"
Warning: processador: "No matching role found for rst_controller:reset_out:reset_req (reset_req)"
Warning: processador: "No matching role found for rst_controller:reset_out:reset_req (reset_req)"
Warning: processador: "No matching role found for rst_controller:reset_out:reset_req (reset_req)"
Warning: processador: "No matching role found for rst_controller:reset_out:reset_req (reset_req)"
Warning: processador: "No matching role found for rst_controller:reset_out:reset_req (reset_req)"
Warning: processador: "No matching role found for rst_controller:reset_out:reset_req (reset_req)"
Warning: processador: "No matching role found for rst_controller:reset_out:reset_req (reset_req)"
Warning: processador: "No matching role found for rst_controller:reset_out:reset_req (reset_req)"
Warning: processador: "No matching role found for rst_controller:reset_out:reset_req (reset_req)"
Warning: processador: "No matching role found for rst_controller:reset_out:reset_req (reset_req)"
Warning: processador: "No matching role found for rst_controller:reset_out:reset_req (reset_req)"
Info: nios2_qsys_0: Starting RTL generation for module 'processador_nios2_qsys_0'
Info: nios2_qsys_0:   Generation command is [exec C:/altera/13.0sp1/quartus/../ip/altera/nios2_ip/altera_nios2/eperl.exe -I C:/altera/13.0sp1/quartus/common/ip/altera/common/perl/5.8.3 -I C:/altera/13.0sp1/quartus/sopc_builder/bin/europa -I C:/altera/13.0sp1/quartus/sopc_builder/bin/perl_lib -I C:/altera/13.0sp1/quartus/sopc_builder/bin -I C:/altera/13.0sp1/quartus/../ip/altera/nios2_ip/altera_nios2/cpu_lib -I C:/altera/13.0sp1/quartus/../ip/altera/nios2_ip/altera_nios2/nios_lib -I C:/altera/13.0sp1/quartus/../ip/altera/nios2_ip/altera_nios2 -I C:/altera/13.0sp1/quartus/../ip/altera/nios2_ip/altera_nios2 -- C:/altera/13.0sp1/quartus/../ip/altera/nios2_ip/altera_nios2/generate_rtl.epl --name=processador_nios2_qsys_0 --dir=C:/Users/VICTOR~1/AppData/Local/Temp/alt7652_7639298077583881250.dir/0001_nios2_qsys_0_gen/ --quartus_dir=C:/altera/13.0sp1/quartus --verilog --config=C:/Users/VICTOR~1/AppData/Local/Temp/alt7652_7639298077583881250.dir/0001_nios2_qsys_0_gen//processador_nios2_qsys_0_processor_configuration.pl  --do_build_sim=0    --bogus  ]
Info: nios2_qsys_0: # 2018.05.01 14:24:10 (*) Starting Nios II generation
Info: nios2_qsys_0: # 2018.05.01 14:24:10 (*)   Checking for plaintext license.
Info: nios2_qsys_0: # 2018.05.01 14:24:11 (*)   Couldn't query license setup in Quartus directory C:/altera/13.0sp1/quartus
Info: nios2_qsys_0: # 2018.05.01 14:24:11 (*)   Defaulting to contents of LM_LICENSE_FILE environment variable
Info: nios2_qsys_0: # 2018.05.01 14:24:11 (*)   LM_LICENSE_FILE environment variable is empty
Info: nios2_qsys_0: # 2018.05.01 14:24:11 (*)   Plaintext license not found.
Info: nios2_qsys_0: # 2018.05.01 14:24:11 (*)   No license required to generate encrypted Nios II/e.
Info: nios2_qsys_0: # 2018.05.01 14:24:11 (*)   Elaborating CPU configuration settings
Info: nios2_qsys_0: # 2018.05.01 14:24:11 (*)   Creating all objects for CPU
Info: nios2_qsys_0: # 2018.05.01 14:24:12 (*)   Generating RTL from CPU objects
Info: nios2_qsys_0: # 2018.05.01 14:24:12 (*)   Creating plain-text RTL
Info: nios2_qsys_0: # 2018.05.01 14:24:15 (*) Done Nios II generation
Info: nios2_qsys_0: Done RTL generation for module 'processador_nios2_qsys_0'
Info: nios2_qsys_0: "processador" instantiated altera_nios2_qsys "nios2_qsys_0"
Info: onchip_memory2_0: Starting RTL generation for module 'processador_onchip_memory2_0'
Info: onchip_memory2_0:   Generation command is [exec C:/altera/13.0sp1/quartus/bin/perl/bin/perl.exe -I C:/altera/13.0sp1/quartus/common/ip/altera/common/perl/5.8.3 -I C:/altera/13.0sp1/quartus/sopc_builder/bin/europa -I C:/altera/13.0sp1/quartus/sopc_builder/bin/perl_lib -I C:/altera/13.0sp1/quartus/sopc_builder/bin -I C:/altera/13.0sp1/quartus/../ip/altera/sopc_builder_ip/common -I C:/altera/13.0sp1/quartus/../ip/altera/sopc_builder_ip/altera_avalon_onchip_memory2 -- C:/altera/13.0sp1/quartus/../ip/altera/sopc_builder_ip/altera_avalon_onchip_memory2/generate_rtl.pl --name=processador_onchip_memory2_0 --dir=C:/Users/VICTOR~1/AppData/Local/Temp/alt7652_7639298077583881250.dir/0002_onchip_memory2_0_gen/ --quartus_dir=C:/altera/13.0sp1/quartus --verilog --config=C:/Users/VICTOR~1/AppData/Local/Temp/alt7652_7639298077583881250.dir/0002_onchip_memory2_0_gen//processador_onchip_memory2_0_component_configuration.pl  --do_build_sim=0  ]
Info: onchip_memory2_0: Done RTL generation for module 'processador_onchip_memory2_0'
Info: onchip_memory2_0: "processador" instantiated altera_avalon_onchip_memory2 "onchip_memory2_0"
Info: pio_0: Starting RTL generation for module 'processador_pio_0'
Info: pio_0:   Generation command is [exec C:/altera/13.0sp1/quartus/bin/perl/bin/perl.exe -I C:/altera/13.0sp1/quartus/common/ip/altera/common/perl/5.8.3 -I C:/altera/13.0sp1/quartus/sopc_builder/bin/europa -I C:/altera/13.0sp1/quartus/sopc_builder/bin/perl_lib -I C:/altera/13.0sp1/quartus/sopc_builder/bin -I C:/altera/13.0sp1/quartus/../ip/altera/sopc_builder_ip/common -I C:/altera/13.0sp1/quartus/../ip/altera/sopc_builder_ip/altera_avalon_pio -- C:/altera/13.0sp1/quartus/../ip/altera/sopc_builder_ip/altera_avalon_pio/generate_rtl.pl --name=processador_pio_0 --dir=C:/Users/VICTOR~1/AppData/Local/Temp/alt7652_7639298077583881250.dir/0003_pio_0_gen/ --quartus_dir=C:/altera/13.0sp1/quartus --verilog --config=C:/Users/VICTOR~1/AppData/Local/Temp/alt7652_7639298077583881250.dir/0003_pio_0_gen//processador_pio_0_component_configuration.pl  --do_build_sim=0  ]
Info: pio_0: Done RTL generation for module 'processador_pio_0'
Info: pio_0: "processador" instantiated altera_avalon_pio "pio_0"
Info: nios2_qsys_0_instruction_master_translator: "processador" instantiated altera_merlin_master_translator "nios2_qsys_0_instruction_master_translator"
Info: nios2_qsys_0_jtag_debug_module_translator: "processador" instantiated altera_merlin_slave_translator "nios2_qsys_0_jtag_debug_module_translator"
Info: nios2_qsys_0_instruction_master_translator_avalon_universal_master_0_agent: "processador" instantiated altera_merlin_master_agent "nios2_qsys_0_instruction_master_translator_avalon_universal_master_0_agent"
Info: nios2_qsys_0_jtag_debug_module_translator_avalon_universal_slave_0_agent: "processador" instantiated altera_merlin_slave_agent "nios2_qsys_0_jtag_debug_module_translator_avalon_universal_slave_0_agent"
Info: nios2_qsys_0_jtag_debug_module_translator_avalon_universal_slave_0_agent_rsp_fifo: "processador" instantiated altera_avalon_sc_fifo "nios2_qsys_0_jtag_debug_module_translator_avalon_universal_slave_0_agent_rsp_fifo"
Info: addr_router: "processador" instantiated altera_merlin_router "addr_router"
Info: addr_router_001: "processador" instantiated altera_merlin_router "addr_router_001"
Info: id_router: "processador" instantiated altera_merlin_router "id_router"
Info: id_router_002: "processador" instantiated altera_merlin_router "id_router_002"
Info: rst_controller: "processador" instantiated altera_reset_controller "rst_controller"
Info: cmd_xbar_demux: "processador" instantiated altera_merlin_demultiplexer "cmd_xbar_demux"
Info: cmd_xbar_demux_001: "processador" instantiated altera_merlin_demultiplexer "cmd_xbar_demux_001"
Info: cmd_xbar_mux: "processador" instantiated altera_merlin_multiplexer "cmd_xbar_mux"
Info: rsp_xbar_demux_002: "processador" instantiated altera_merlin_demultiplexer "rsp_xbar_demux_002"
Info: rsp_xbar_mux: "processador" instantiated altera_merlin_multiplexer "rsp_xbar_mux"
Info: Reusing file C:/Users/victormunduruca/Documents/NovoQuartusZero/processador/synthesis/submodules/altera_merlin_arbitrator.sv
Info: rsp_xbar_mux_001: "processador" instantiated altera_merlin_multiplexer "rsp_xbar_mux_001"
Info: Reusing file C:/Users/victormunduruca/Documents/NovoQuartusZero/processador/synthesis/submodules/altera_merlin_arbitrator.sv
Info: irq_mapper: "processador" instantiated altera_irq_mapper "irq_mapper"
Info: processador: Done processador" with 21 modules, 49 files, 913490 bytes
Info: ip-generate succeeded.
Info: Finished: Create HDL design files for synthesis
